This file contains any messages produced by compilers while
running configure, to aid debugging if configure makes a mistake.

It was created by libConfuse configure 2.5, which was
generated by GNU Autoconf 2.59.  Invocation command line was

  $ ./configure 

## --------- ##
## Platform. ##
## --------- ##

hostname = Mavericks-MacBook-Pro.local
uname -m = x86_64
uname -r = 14.3.0
uname -s = Darwin
uname -v = Darwin Kernel Version 14.3.0: Mon Mar 23 11:59:05 PDT 2015; root:xnu-2782.20.48~5/RELEASE_X86_64

/usr/bin/uname -p = i386
/bin/uname -X     = unknown

/bin/arch              = unknown
/usr/bin/arch -k       = unknown
/usr/convex/getsysinfo = unknown
hostinfo               = Mach kernel version:
	 Darwin Kernel Version 14.3.0: Mon Mar 23 11:59:05 PDT 2015; root:xnu-2782.20.48~5/RELEASE_X86_64
Kernel configured for up to 2 processors.
2 processors are physically available.
2 processors are logically available.
Processor type: i486 (Intel 80486)
Processors active: 0 1
Primary memory available: 8.00 gigabytes
Default processor set: 189 tasks, 763 threads, 2 processors
Load average: 1.40, Mach factor: 0.89
/bin/machine           = unknown
/usr/bin/oslevel       = unknown
/bin/universe          = unknown

PATH: /usr/local/bin
PATH: /usr/bin
PATH: /bin
PATH: /usr/sbin
PATH: /sbin
PATH: /opt/X11/bin
PATH: /usr/texbin


## ----------- ##
## Core tests. ##
## ----------- ##

configure:1560: checking for a BSD-compatible install
configure:1615: result: /usr/bin/install -c
configure:1626: checking whether build environment is sane
configure:1669: result: yes
configure:1726: checking for gawk
configure:1755: result: no
configure:1726: checking for mawk
configure:1755: result: no
configure:1726: checking for nawk
configure:1755: result: no
configure:1726: checking for awk
configure:1742: found /usr/bin/awk
configure:1752: result: awk
configure:1762: checking whether make sets $(MAKE)
configure:1782: result: yes
configure:1997: checking for gcc
configure:2013: found /usr/bin/gcc
configure:2023: result: gcc
configure:2267: checking for C compiler version
configure:2270: gcc --version </dev/null >&5
Configured with: --prefix=/Applications/Xcode.app/Contents/Developer/usr --with-gxx-include-dir=/usr/include/c++/4.2.1
Apple LLVM version 6.1.0 (clang-602.0.49) (based on LLVM 3.6.0svn)
Target: x86_64-apple-darwin14.3.0
Thread model: posix
configure:2273: $? = 0
configure:2275: gcc -v </dev/null >&5
Configured with: --prefix=/Applications/Xcode.app/Contents/Developer/usr --with-gxx-include-dir=/usr/include/c++/4.2.1
Apple LLVM version 6.1.0 (clang-602.0.49) (based on LLVM 3.6.0svn)
Target: x86_64-apple-darwin14.3.0
Thread model: posix
configure:2278: $? = 0
configure:2280: gcc -V </dev/null >&5
clang: error: argument to '-V' is missing (expected 1 value)
clang: error: no input files
configure:2283: $? = 1
configure:2306: checking for C compiler default output file name
configure:2309: gcc    conftest.c  >&5
configure:2312: $? = 0
configure:2358: result: a.out
configure:2363: checking whether the C compiler works
configure:2369: ./a.out
configure:2372: $? = 0
configure:2389: result: yes
configure:2396: checking whether we are cross compiling
configure:2398: result: no
configure:2401: checking for suffix of executables
configure:2403: gcc -o conftest    conftest.c  >&5
configure:2406: $? = 0
configure:2431: result: 
configure:2437: checking for suffix of object files
configure:2458: gcc -c   conftest.c >&5
configure:2461: $? = 0
configure:2483: result: o
configure:2487: checking whether we are using the GNU C compiler
configure:2511: gcc -c   conftest.c >&5
configure:2517: $? = 0
configure:2521: test -z 
			 || test ! -s conftest.err
configure:2524: $? = 0
configure:2527: test -s conftest.o
configure:2530: $? = 0
configure:2543: result: yes
configure:2549: checking whether gcc accepts -g
configure:2570: gcc -c -g  conftest.c >&5
configure:2576: $? = 0
configure:2580: test -z 
			 || test ! -s conftest.err
configure:2583: $? = 0
configure:2586: test -s conftest.o
configure:2589: $? = 0
configure:2600: result: yes
configure:2617: checking for gcc option to accept ANSI C
configure:2687: gcc  -c -g -O2  conftest.c >&5
configure:2693: $? = 0
configure:2697: test -z 
			 || test ! -s conftest.err
configure:2700: $? = 0
configure:2703: test -s conftest.o
configure:2706: $? = 0
configure:2724: result: none needed
configure:2742: gcc -c -g -O2  conftest.c >&5
conftest.c:2:3: error: unknown type name 'choke'
  choke me
  ^
conftest.c:2:11: error: expected ';' after top level declarator
  choke me
          ^
          ;
2 errors generated.
configure:2748: $? = 1
configure: failed program was:
| #ifndef __cplusplus
|   choke me
| #endif
configure:2892: checking for style of include used by make
configure:2920: result: GNU
configure:2948: checking dependency style of gcc
configure:3038: result: gcc3
configure:3060: checking for flex
configure:3076: found /usr/bin/flex
configure:3086: result: flex
configure:3099: checking for yywrap in -lfl
configure:3129: gcc -o conftest -g -O2   conftest.c -lfl   >&5
ld: library not found for -lfl
clang: error: linker command failed with exit code 1 (use -v to see invocation)
configure:3135: $? = 1
configure: failed program was:
| /* confdefs.h.  */
| 
| #define PACKAGE_NAME "libConfuse"
| #define PACKAGE_TARNAME "confuse"
| #define PACKAGE_VERSION "2.5"
| #define PACKAGE_STRING "libConfuse 2.5"
| #define PACKAGE_BUGREPORT "confuse-devel@nongnu.org"
| #define PACKAGE "confuse"
| #define VERSION "2.5"
| /* end confdefs.h.  */
| 
| /* Override any gcc2 internal prototype to avoid an error.  */
| #ifdef __cplusplus
| extern "C"
| #endif
| /* We use char because int might match the return type of a gcc2
|    builtin and then its argument prototype would still apply.  */
| char yywrap ();
| int
| main ()
| {
| yywrap ();
|   ;
|   return 0;
| }
configure:3161: result: no
configure:3166: checking for yywrap in -ll
configure:3196: gcc -o conftest -g -O2   conftest.c -ll   >&5
configure:3202: $? = 0
configure:3206: test -z 
			 || test ! -s conftest.err
configure:3209: $? = 0
configure:3212: test -s conftest
configure:3215: $? = 0
configure:3228: result: yes
configure:3239: checking lex output file root
configure:3250: flex conftest.l
configure:3253: $? = 0
configure:3265: result: lex.yy
configure:3270: checking whether yytext is a pointer
configure:3286: gcc -o conftest -g -O2   conftest.c  -ll >&5
configure:3292: $? = 0
configure:3296: test -z 
			 || test ! -s conftest.err
configure:3299: $? = 0
configure:3302: test -s conftest
configure:3305: $? = 0
configure:3319: result: yes
configure:3412: checking build system type
configure:3430: result: i686-apple-darwin14.3.0
configure:3438: checking host system type
configure:3452: result: i686-apple-darwin14.3.0
configure:3460: checking for a sed that does not truncate output
configure:3514: result: /usr/bin/sed
configure:3517: checking for egrep
configure:3527: result: grep -E
configure:3543: checking for ld used by gcc
configure:3610: result: /Applications/Xcode.app/Contents/Developer/Toolchains/XcodeDefault.xctoolchain/usr/bin/ld
configure:3619: checking if the linker (/Applications/Xcode.app/Contents/Developer/Toolchains/XcodeDefault.xctoolchain/usr/bin/ld) is GNU ld
configure:3634: result: no
configure:3639: checking for /Applications/Xcode.app/Contents/Developer/Toolchains/XcodeDefault.xctoolchain/usr/bin/ld option to reload object files
configure:3646: result: -r
configure:3655: checking for BSD-compatible nm
configure:3697: result: /usr/bin/nm
configure:3701: checking whether ln -s works
configure:3705: result: yes
configure:3712: checking how to recognise dependent libraries
configure:3895: result: pass_all
configure:4108: checking how to run the C preprocessor
configure:4143: gcc -E  conftest.c
configure:4149: $? = 0
configure:4181: gcc -E  conftest.c
conftest.c:12:10: fatal error: 'ac_nonexistent.h' file not found
#include <ac_nonexistent.h>
         ^
1 error generated.
configure:4187: $? = 1
configure: failed program was:
| /* confdefs.h.  */
| 
| #define PACKAGE_NAME "libConfuse"
| #define PACKAGE_TARNAME "confuse"
| #define PACKAGE_VERSION "2.5"
| #define PACKAGE_STRING "libConfuse 2.5"
| #define PACKAGE_BUGREPORT "confuse-devel@nongnu.org"
| #define PACKAGE "confuse"
| #define VERSION "2.5"
| #define YYTEXT_POINTER 1
| /* end confdefs.h.  */
| #include <ac_nonexistent.h>
configure:4226: result: gcc -E
configure:4250: gcc -E  conftest.c
configure:4256: $? = 0
configure:4288: gcc -E  conftest.c
conftest.c:12:10: fatal error: 'ac_nonexistent.h' file not found
#include <ac_nonexistent.h>
         ^
1 error generated.
configure:4294: $? = 1
configure: failed program was:
| /* confdefs.h.  */
| 
| #define PACKAGE_NAME "libConfuse"
| #define PACKAGE_TARNAME "confuse"
| #define PACKAGE_VERSION "2.5"
| #define PACKAGE_STRING "libConfuse 2.5"
| #define PACKAGE_BUGREPORT "confuse-devel@nongnu.org"
| #define PACKAGE "confuse"
| #define VERSION "2.5"
| #define YYTEXT_POINTER 1
| /* end confdefs.h.  */
| #include <ac_nonexistent.h>
configure:4338: checking for ANSI C header files
configure:4363: gcc -c -g -O2  conftest.c >&5
configure:4369: $? = 0
configure:4373: test -z 
			 || test ! -s conftest.err
configure:4376: $? = 0
configure:4379: test -s conftest.o
configure:4382: $? = 0
configure:4471: gcc -o conftest -g -O2   conftest.c  >&5
conftest.c:29:7: warning: implicitly declaring library function 'exit' with type 'void (int) __attribute__((noreturn))'
      exit(2);
      ^
conftest.c:29:7: note: include the header <stdlib.h> or explicitly provide a declaration for 'exit'
1 warning generated.
configure:4474: $? = 0
configure:4476: ./conftest
configure:4479: $? = 0
configure:4494: result: yes
configure:4518: checking for sys/types.h
configure:4534: gcc -c -g -O2  conftest.c >&5
configure:4540: $? = 0
configure:4544: test -z 
			 || test ! -s conftest.err
configure:4547: $? = 0
configure:4550: test -s conftest.o
configure:4553: $? = 0
configure:4564: result: yes
configure:4518: checking for sys/stat.h
configure:4534: gcc -c -g -O2  conftest.c >&5
configure:4540: $? = 0
configure:4544: test -z 
			 || test ! -s conftest.err
configure:4547: $? = 0
configure:4550: test -s conftest.o
configure:4553: $? = 0
configure:4564: result: yes
configure:4518: checking for stdlib.h
configure:4534: gcc -c -g -O2  conftest.c >&5
configure:4540: $? = 0
configure:4544: test -z 
			 || test ! -s conftest.err
configure:4547: $? = 0
configure:4550: test -s conftest.o
configure:4553: $? = 0
configure:4564: result: yes
configure:4518: checking for string.h
configure:4534: gcc -c -g -O2  conftest.c >&5
configure:4540: $? = 0
configure:4544: test -z 
			 || test ! -s conftest.err
configure:4547: $? = 0
configure:4550: test -s conftest.o
configure:4553: $? = 0
configure:4564: result: yes
configure:4518: checking for memory.h
configure:4534: gcc -c -g -O2  conftest.c >&5
configure:4540: $? = 0
configure:4544: test -z 
			 || test ! -s conftest.err
configure:4547: $? = 0
configure:4550: test -s conftest.o
configure:4553: $? = 0
configure:4564: result: yes
configure:4518: checking for strings.h
configure:4534: gcc -c -g -O2  conftest.c >&5
configure:4540: $? = 0
configure:4544: test -z 
			 || test ! -s conftest.err
configure:4547: $? = 0
configure:4550: test -s conftest.o
configure:4553: $? = 0
configure:4564: result: yes
configure:4518: checking for inttypes.h
configure:4534: gcc -c -g -O2  conftest.c >&5
configure:4540: $? = 0
configure:4544: test -z 
			 || test ! -s conftest.err
configure:4547: $? = 0
configure:4550: test -s conftest.o
configure:4553: $? = 0
configure:4564: result: yes
configure:4518: checking for stdint.h
configure:4534: gcc -c -g -O2  conftest.c >&5
configure:4540: $? = 0
configure:4544: test -z 
			 || test ! -s conftest.err
configure:4547: $? = 0
configure:4550: test -s conftest.o
configure:4553: $? = 0
configure:4564: result: yes
configure:4518: checking for unistd.h
configure:4534: gcc -c -g -O2  conftest.c >&5
configure:4540: $? = 0
configure:4544: test -z 
			 || test ! -s conftest.err
configure:4547: $? = 0
configure:4550: test -s conftest.o
configure:4553: $? = 0
configure:4564: result: yes
configure:4590: checking dlfcn.h usability
configure:4602: gcc -c -g -O2  conftest.c >&5
configure:4608: $? = 0
configure:4612: test -z 
			 || test ! -s conftest.err
configure:4615: $? = 0
configure:4618: test -s conftest.o
configure:4621: $? = 0
configure:4631: result: yes
configure:4635: checking dlfcn.h presence
configure:4645: gcc -E  conftest.c
configure:4651: $? = 0
configure:4671: result: yes
configure:4706: checking for dlfcn.h
configure:4713: result: yes
configure:4778: checking for g++
configure:4794: found /usr/bin/g++
configure:4804: result: g++
configure:4820: checking for C++ compiler version
configure:4823: g++ --version </dev/null >&5
Configured with: --prefix=/Applications/Xcode.app/Contents/Developer/usr --with-gxx-include-dir=/usr/include/c++/4.2.1
Apple LLVM version 6.1.0 (clang-602.0.49) (based on LLVM 3.6.0svn)
Target: x86_64-apple-darwin14.3.0
Thread model: posix
configure:4826: $? = 0
configure:4828: g++ -v </dev/null >&5
Configured with: --prefix=/Applications/Xcode.app/Contents/Developer/usr --with-gxx-include-dir=/usr/include/c++/4.2.1
Apple LLVM version 6.1.0 (clang-602.0.49) (based on LLVM 3.6.0svn)
Target: x86_64-apple-darwin14.3.0
Thread model: posix
configure:4831: $? = 0
configure:4833: g++ -V </dev/null >&5
clang: error: argument to '-V' is missing (expected 1 value)
clang: error: no input files
configure:4836: $? = 1
configure:4839: checking whether we are using the GNU C++ compiler
configure:4863: g++ -c   conftest.cc >&5
configure:4869: $? = 0
configure:4873: test -z 
			 || test ! -s conftest.err
configure:4876: $? = 0
configure:4879: test -s conftest.o
configure:4882: $? = 0
configure:4895: result: yes
configure:4901: checking whether g++ accepts -g
configure:4922: g++ -c -g  conftest.cc >&5
configure:4928: $? = 0
configure:4932: test -z 
			 || test ! -s conftest.err
configure:4935: $? = 0
configure:4938: test -s conftest.o
configure:4941: $? = 0
configure:4952: result: yes
configure:4994: g++ -c -g -O2  conftest.cc >&5
configure:5000: $? = 0
configure:5004: test -z 
			 || test ! -s conftest.err
configure:5007: $? = 0
configure:5010: test -s conftest.o
configure:5013: $? = 0
configure:5039: g++ -c -g -O2  conftest.cc >&5
conftest.cc:27:1: error: use of undeclared identifier 'exit'
exit (42);
^
1 error generated.
configure:5045: $? = 1
configure: failed program was:
| /* confdefs.h.  */
| 
| #define PACKAGE_NAME "libConfuse"
| #define PACKAGE_TARNAME "confuse"
| #define PACKAGE_VERSION "2.5"
| #define PACKAGE_STRING "libConfuse 2.5"
| #define PACKAGE_BUGREPORT "confuse-devel@nongnu.org"
| #define PACKAGE "confuse"
| #define VERSION "2.5"
| #define YYTEXT_POINTER 1
| #define STDC_HEADERS 1
| #define HAVE_SYS_TYPES_H 1
| #define HAVE_SYS_STAT_H 1
| #define HAVE_STDLIB_H 1
| #define HAVE_STRING_H 1
| #define HAVE_MEMORY_H 1
| #define HAVE_STRINGS_H 1
| #define HAVE_INTTYPES_H 1
| #define HAVE_STDINT_H 1
| #define HAVE_UNISTD_H 1
| #define HAVE_DLFCN_H 1
| /* end confdefs.h.  */
| 
| int
| main ()
| {
| exit (42);
|   ;
|   return 0;
| }
configure:4994: g++ -c -g -O2  conftest.cc >&5
conftest.cc:23:17: error: use of undeclared identifier 'std'
extern "C" void std::exit (int) throw (); using std::exit;
                ^
conftest.cc:23:49: error: use of undeclared identifier 'std'
extern "C" void std::exit (int) throw (); using std::exit;
                                                ^
2 errors generated.
configure:5000: $? = 1
configure: failed program was:
| /* confdefs.h.  */
| 
| #define PACKAGE_NAME "libConfuse"
| #define PACKAGE_TARNAME "confuse"
| #define PACKAGE_VERSION "2.5"
| #define PACKAGE_STRING "libConfuse 2.5"
| #define PACKAGE_BUGREPORT "confuse-devel@nongnu.org"
| #define PACKAGE "confuse"
| #define VERSION "2.5"
| #define YYTEXT_POINTER 1
| #define STDC_HEADERS 1
| #define HAVE_SYS_TYPES_H 1
| #define HAVE_SYS_STAT_H 1
| #define HAVE_STDLIB_H 1
| #define HAVE_STRING_H 1
| #define HAVE_MEMORY_H 1
| #define HAVE_STRINGS_H 1
| #define HAVE_INTTYPES_H 1
| #define HAVE_STDINT_H 1
| #define HAVE_UNISTD_H 1
| #define HAVE_DLFCN_H 1
| /* end confdefs.h.  */
| extern "C" void std::exit (int) throw (); using std::exit;
| #include <stdlib.h>
| int
| main ()
| {
| exit (42);
|   ;
|   return 0;
| }
configure:4994: g++ -c -g -O2  conftest.cc >&5
conftest.cc:23:17: error: use of undeclared identifier 'std'
extern "C" void std::exit (int); using std::exit;
                ^
conftest.cc:23:40: error: use of undeclared identifier 'std'
extern "C" void std::exit (int); using std::exit;
                                       ^
2 errors generated.
configure:5000: $? = 1
configure: failed program was:
| /* confdefs.h.  */
| 
| #define PACKAGE_NAME "libConfuse"
| #define PACKAGE_TARNAME "confuse"
| #define PACKAGE_VERSION "2.5"
| #define PACKAGE_STRING "libConfuse 2.5"
| #define PACKAGE_BUGREPORT "confuse-devel@nongnu.org"
| #define PACKAGE "confuse"
| #define VERSION "2.5"
| #define YYTEXT_POINTER 1
| #define STDC_HEADERS 1
| #define HAVE_SYS_TYPES_H 1
| #define HAVE_SYS_STAT_H 1
| #define HAVE_STDLIB_H 1
| #define HAVE_STRING_H 1
| #define HAVE_MEMORY_H 1
| #define HAVE_STRINGS_H 1
| #define HAVE_INTTYPES_H 1
| #define HAVE_STDINT_H 1
| #define HAVE_UNISTD_H 1
| #define HAVE_DLFCN_H 1
| /* end confdefs.h.  */
| extern "C" void std::exit (int); using std::exit;
| #include <stdlib.h>
| int
| main ()
| {
| exit (42);
|   ;
|   return 0;
| }
configure:4994: g++ -c -g -O2  conftest.cc >&5
configure:5000: $? = 0
configure:5004: test -z 
			 || test ! -s conftest.err
configure:5007: $? = 0
configure:5010: test -s conftest.o
configure:5013: $? = 0
configure:5039: g++ -c -g -O2  conftest.cc >&5
configure:5045: $? = 0
configure:5049: test -z 
			 || test ! -s conftest.err
configure:5052: $? = 0
configure:5055: test -s conftest.o
configure:5058: $? = 0
configure:5083: checking dependency style of g++
configure:5173: result: gcc3
configure:5195: checking how to run the C++ preprocessor
configure:5226: g++ -E  conftest.cc
configure:5232: $? = 0
configure:5264: g++ -E  conftest.cc
conftest.cc:26:10: fatal error: 'ac_nonexistent.h' file not found
#include <ac_nonexistent.h>
         ^
1 error generated.
configure:5270: $? = 1
configure: failed program was:
| /* confdefs.h.  */
| 
| #define PACKAGE_NAME "libConfuse"
| #define PACKAGE_TARNAME "confuse"
| #define PACKAGE_VERSION "2.5"
| #define PACKAGE_STRING "libConfuse 2.5"
| #define PACKAGE_BUGREPORT "confuse-devel@nongnu.org"
| #define PACKAGE "confuse"
| #define VERSION "2.5"
| #define YYTEXT_POINTER 1
| #define STDC_HEADERS 1
| #define HAVE_SYS_TYPES_H 1
| #define HAVE_SYS_STAT_H 1
| #define HAVE_STDLIB_H 1
| #define HAVE_STRING_H 1
| #define HAVE_MEMORY_H 1
| #define HAVE_STRINGS_H 1
| #define HAVE_INTTYPES_H 1
| #define HAVE_STDINT_H 1
| #define HAVE_UNISTD_H 1
| #define HAVE_DLFCN_H 1
| #ifdef __cplusplus
| extern "C" void exit (int) throw ();
| #endif
| /* end confdefs.h.  */
| #include <ac_nonexistent.h>
configure:5309: result: g++ -E
configure:5333: g++ -E  conftest.cc
configure:5339: $? = 0
configure:5371: g++ -E  conftest.cc
conftest.cc:26:10: fatal error: 'ac_nonexistent.h' file not found
#include <ac_nonexistent.h>
         ^
1 error generated.
configure:5377: $? = 1
configure: failed program was:
| /* confdefs.h.  */
| 
| #define PACKAGE_NAME "libConfuse"
| #define PACKAGE_TARNAME "confuse"
| #define PACKAGE_VERSION "2.5"
| #define PACKAGE_STRING "libConfuse 2.5"
| #define PACKAGE_BUGREPORT "confuse-devel@nongnu.org"
| #define PACKAGE "confuse"
| #define VERSION "2.5"
| #define YYTEXT_POINTER 1
| #define STDC_HEADERS 1
| #define HAVE_SYS_TYPES_H 1
| #define HAVE_SYS_STAT_H 1
| #define HAVE_STDLIB_H 1
| #define HAVE_STRING_H 1
| #define HAVE_MEMORY_H 1
| #define HAVE_STRINGS_H 1
| #define HAVE_INTTYPES_H 1
| #define HAVE_STDINT_H 1
| #define HAVE_UNISTD_H 1
| #define HAVE_DLFCN_H 1
| #ifdef __cplusplus
| extern "C" void exit (int) throw ();
| #endif
| /* end confdefs.h.  */
| #include <ac_nonexistent.h>
configure:5472: checking for g77
configure:5501: result: no
configure:5472: checking for f77
configure:5501: result: no
configure:5472: checking for xlf
configure:5501: result: no
configure:5472: checking for frt
configure:5501: result: no
configure:5472: checking for pgf77
configure:5501: result: no
configure:5472: checking for fort77
configure:5501: result: no
configure:5472: checking for fl32
configure:5501: result: no
configure:5472: checking for af77
configure:5501: result: no
configure:5472: checking for f90
configure:5501: result: no
configure:5472: checking for xlf90
configure:5501: result: no
configure:5472: checking for pgf90
configure:5501: result: no
configure:5472: checking for epcf90
configure:5501: result: no
configure:5472: checking for f95
configure:5501: result: no
configure:5472: checking for fort
configure:5501: result: no
configure:5472: checking for xlf95
configure:5501: result: no
configure:5472: checking for ifc
configure:5501: result: no
configure:5472: checking for efc
configure:5501: result: no
configure:5472: checking for pgf95
configure:5501: result: no
configure:5472: checking for lf95
configure:5501: result: no
configure:5472: checking for gfortran
configure:5501: result: no
configure:5513: checking for Fortran 77 compiler version
configure:5516:  --version </dev/null >&5
./configure: line 5517: --version: command not found
configure:5519: $? = 127
configure:5521:  -v </dev/null >&5
./configure: line 5522: -v: command not found
configure:5524: $? = 127
configure:5526:  -V </dev/null >&5
./configure: line 5527: -V: command not found
configure:5529: $? = 127
configure:5537: checking whether we are using the GNU Fortran 77 compiler
configure:5551:  -c  conftest.F >&5
./configure: line 5552: -c: command not found
configure:5557: $? = 127
configure: failed program was:
|       program main
| #ifndef __GNUC__
|        choke me
| #endif
| 
|       end
configure:5583: result: no
configure:5589: checking whether  accepts -g
configure:5601:  -c -g conftest.f >&5
./configure: line 5602: -c: command not found
configure:5607: $? = 127
configure: failed program was:
|       program main
| 
|       end
configure:5632: result: no
configure:5662: checking the maximum length of command line arguments
configure:5727: result: 65536
configure:5738: checking command to parse /usr/bin/nm output from gcc object
configure:5827: gcc -c -g -O2  conftest.c >&5
configure:5830: $? = 0
configure:5834: /usr/bin/nm conftest.o \| sed -n -e 's/^.*[ 	]\([BCDEGRST][BCDEGRST]*\)[ 	][ 	]*\(\)\([_A-Za-z][_A-Za-z0-9]*\)$/\1 \2\3 \3/p' \> conftest.nm
configure:5837: $? = 0
cannot find nm_test_var in conftest.nm
configure:5827: gcc -c -g -O2  conftest.c >&5
configure:5830: $? = 0
configure:5834: /usr/bin/nm conftest.o \| sed -n -e 's/^.*[ 	]\([BCDEGRST][BCDEGRST]*\)[ 	][ 	]*\(_\)\([_A-Za-z][_A-Za-z0-9]*\)$/\1 \2\3 \3/p' \> conftest.nm
configure:5837: $? = 0
configure:5889: gcc -o conftest -g -O2   conftest.c conftstm.o >&5
configure:5892: $? = 0
configure:5930: result: ok
configure:5934: checking for objdir
configure:5949: result: .libs
configure:6039: checking for ar
configure:6055: found /usr/bin/ar
configure:6066: result: ar
configure:6119: checking for ranlib
configure:6135: found /usr/bin/ranlib
configure:6146: result: ranlib
configure:6199: checking for strip
configure:6215: found /usr/bin/strip
configure:6226: result: strip
configure:6488: checking if gcc static flag  works
configure:6511: result: yes
configure:6529: checking if gcc supports -fno-rtti -fno-exceptions
configure:6547: gcc -c -g -O2  -fno-rtti -fno-exceptions conftest.c >&5
configure:6551: $? = 0
configure:6562: result: yes
configure:6577: checking for gcc option to produce PIC
configure:6754: result: -fno-common
configure:6762: checking if gcc PIC flag -fno-common works
configure:6780: gcc -c -g -O2  -fno-common -DPIC conftest.c >&5
configure:6784: $? = 0
configure:6795: result: yes
configure:6819: checking if gcc supports -c -o file.o
configure:6840: gcc -c -g -O2  -o out/conftest2.o conftest.c >&5
configure:6844: $? = 0
configure:6864: result: yes
configure:6890: checking whether the gcc linker (/Applications/Xcode.app/Contents/Developer/Toolchains/XcodeDefault.xctoolchain/usr/bin/ld) supports shared libraries
configure:7738: result: yes
configure:7809: checking dynamic linker characteristics
configure:8349: result: darwin14.3.0 dyld
configure:8353: checking how to hardcode library paths into programs
configure:8378: result: immediate
configure:8392: checking whether stripping libraries is possible
configure:8405: result: yes
configure:9227: checking if libtool supports shared libraries
configure:9229: result: yes
configure:9232: checking whether to build shared libraries
configure:9290: result: no
configure:9293: checking whether to build static libraries
configure:9297: result: yes
configure:9389: creating libtool
configure:9936: checking for ld used by g++
configure:10003: result: /Applications/Xcode.app/Contents/Developer/Toolchains/XcodeDefault.xctoolchain/usr/bin/ld
configure:10012: checking if the linker (/Applications/Xcode.app/Contents/Developer/Toolchains/XcodeDefault.xctoolchain/usr/bin/ld) is GNU ld
configure:10027: result: no
configure:10078: checking whether the g++ linker (/Applications/Xcode.app/Contents/Developer/Toolchains/XcodeDefault.xctoolchain/usr/bin/ld) supports shared libraries
configure:10906: result: yes
configure:10924: g++ -c -g -O2  conftest.cc >&5
configure:10927: $? = 0
configure:11023: checking for g++ option to produce PIC
configure:11275: result: -fno-common
configure:11283: checking if g++ PIC flag -fno-common works
configure:11301: g++ -c -g -O2  -fno-common -DPIC conftest.cc >&5
configure:11305: $? = 0
configure:11316: result: yes
configure:11340: checking if g++ supports -c -o file.o
configure:11361: g++ -c -g -O2  -o out/conftest2.o conftest.cc >&5
configure:11365: $? = 0
configure:11385: result: yes
configure:11411: checking whether the g++ linker (/Applications/Xcode.app/Contents/Developer/Toolchains/XcodeDefault.xctoolchain/usr/bin/ld) supports shared libraries
configure:11436: result: yes
configure:11507: checking dynamic linker characteristics
configure:12047: result: darwin14.3.0 dyld
configure:12051: checking how to hardcode library paths into programs
configure:12076: result: immediate
configure:12090: checking whether stripping libraries is possible
configure:12103: result: yes
configure:19346: checking whether NLS is requested
configure:19355: result: yes
configure:19393: checking for msgfmt
configure:19427: result: no
configure:19433: checking for gmsgfmt
configure:19464: result: :
configure:19503: checking for xgettext
configure:19537: result: no
configure:19574: checking for msgmerge
configure:19607: result: no
configure:19679: checking for ld used by GCC
configure:19743: result: /Applications/Xcode.app/Contents/Developer/Toolchains/XcodeDefault.xctoolchain/usr/bin/ld
configure:19752: checking if the linker (/Applications/Xcode.app/Contents/Developer/Toolchains/XcodeDefault.xctoolchain/usr/bin/ld) is GNU ld
configure:19765: result: no
configure:19771: checking for shared library run path origin
configure:19784: result: done
configure:20200: checking whether NLS is requested
configure:20209: result: yes
configure:20227: checking for GNU gettext in libc
configure:20251: gcc -o conftest -g -O2   conftest.c  >&5
conftest.c:26:10: fatal error: 'libintl.h' file not found
#include <libintl.h>
         ^
1 error generated.
configure:20257: $? = 1
configure: failed program was:
| /* confdefs.h.  */
| 
| #define PACKAGE_NAME "libConfuse"
| #define PACKAGE_TARNAME "confuse"
| #define PACKAGE_VERSION "2.5"
| #define PACKAGE_STRING "libConfuse 2.5"
| #define PACKAGE_BUGREPORT "confuse-devel@nongnu.org"
| #define PACKAGE "confuse"
| #define VERSION "2.5"
| #define YYTEXT_POINTER 1
| #define STDC_HEADERS 1
| #define HAVE_SYS_TYPES_H 1
| #define HAVE_SYS_STAT_H 1
| #define HAVE_STDLIB_H 1
| #define HAVE_STRING_H 1
| #define HAVE_MEMORY_H 1
| #define HAVE_STRINGS_H 1
| #define HAVE_INTTYPES_H 1
| #define HAVE_STDINT_H 1
| #define HAVE_UNISTD_H 1
| #define HAVE_DLFCN_H 1
| #ifdef __cplusplus
| extern "C" void exit (int) throw ();
| #endif
| /* end confdefs.h.  */
| #include <libintl.h>
| extern int _nl_msg_cat_cntr;
| extern int *_nl_domain_bindings;
| int
| main ()
| {
| bindtextdomain ("", "");
| return (int) gettext ("") + _nl_msg_cat_cntr + *_nl_domain_bindings
|   ;
|   return 0;
| }
configure:20282: result: no
configure:20316: checking for iconv
configure:20343: gcc -o conftest -g -O2   conftest.c  >&5
Undefined symbols for architecture x86_64:
  "_iconv", referenced from:
      _main in conftest-056f83.o
  "_iconv_close", referenced from:
      _main in conftest-056f83.o
  "_iconv_open", referenced from:
      _main in conftest-056f83.o
ld: symbol(s) not found for architecture x86_64
clang: error: linker command failed with exit code 1 (use -v to see invocation)
configure:20349: $? = 1
configure: failed program was:
| /* confdefs.h.  */
| 
| #define PACKAGE_NAME "libConfuse"
| #define PACKAGE_TARNAME "confuse"
| #define PACKAGE_VERSION "2.5"
| #define PACKAGE_STRING "libConfuse 2.5"
| #define PACKAGE_BUGREPORT "confuse-devel@nongnu.org"
| #define PACKAGE "confuse"
| #define VERSION "2.5"
| #define YYTEXT_POINTER 1
| #define STDC_HEADERS 1
| #define HAVE_SYS_TYPES_H 1
| #define HAVE_SYS_STAT_H 1
| #define HAVE_STDLIB_H 1
| #define HAVE_STRING_H 1
| #define HAVE_MEMORY_H 1
| #define HAVE_STRINGS_H 1
| #define HAVE_INTTYPES_H 1
| #define HAVE_STDINT_H 1
| #define HAVE_UNISTD_H 1
| #define HAVE_DLFCN_H 1
| #ifdef __cplusplus
| extern "C" void exit (int) throw ();
| #endif
| /* end confdefs.h.  */
| #include <stdlib.h>
| #include <iconv.h>
| int
| main ()
| {
| iconv_t cd = iconv_open("","");
|        iconv(cd,NULL,NULL,NULL,NULL);
|        iconv_close(cd);
|   ;
|   return 0;
| }
configure:20394: gcc -o conftest -g -O2   conftest.c  -liconv >&5
configure:20400: $? = 0
configure:20404: test -z 
			 || test ! -s conftest.err
configure:20407: $? = 0
configure:20410: test -s conftest
configure:20413: $? = 0
configure:20428: result: yes
configure:20438: checking how to link with libiconv
configure:20440: result: -liconv
configure:20829: checking for GNU gettext in libintl
configure:20861: gcc -o conftest -g -O2    conftest.c  -lintl >&5
conftest.c:27:10: fatal error: 'libintl.h' file not found
#include <libintl.h>
         ^
1 error generated.
configure:20867: $? = 1
configure: failed program was:
| /* confdefs.h.  */
| 
| #define PACKAGE_NAME "libConfuse"
| #define PACKAGE_TARNAME "confuse"
| #define PACKAGE_VERSION "2.5"
| #define PACKAGE_STRING "libConfuse 2.5"
| #define PACKAGE_BUGREPORT "confuse-devel@nongnu.org"
| #define PACKAGE "confuse"
| #define VERSION "2.5"
| #define YYTEXT_POINTER 1
| #define STDC_HEADERS 1
| #define HAVE_SYS_TYPES_H 1
| #define HAVE_SYS_STAT_H 1
| #define HAVE_STDLIB_H 1
| #define HAVE_STRING_H 1
| #define HAVE_MEMORY_H 1
| #define HAVE_STRINGS_H 1
| #define HAVE_INTTYPES_H 1
| #define HAVE_STDINT_H 1
| #define HAVE_UNISTD_H 1
| #define HAVE_DLFCN_H 1
| #ifdef __cplusplus
| extern "C" void exit (int) throw ();
| #endif
| #define HAVE_ICONV 1
| /* end confdefs.h.  */
| #include <libintl.h>
| extern int _nl_msg_cat_cntr;
| extern
| #ifdef __cplusplus
| "C"
| #endif
| const char *_nl_expand_alias ();
| int
| main ()
| {
| bindtextdomain ("", "");
| return (int) gettext ("") + _nl_msg_cat_cntr + *_nl_expand_alias (0)
|   ;
|   return 0;
| }
configure:20916: gcc -o conftest -g -O2    conftest.c  -lintl -liconv >&5
conftest.c:27:10: fatal error: 'libintl.h' file not found
#include <libintl.h>
         ^
1 error generated.
configure:20922: $? = 1
configure: failed program was:
| /* confdefs.h.  */
| 
| #define PACKAGE_NAME "libConfuse"
| #define PACKAGE_TARNAME "confuse"
| #define PACKAGE_VERSION "2.5"
| #define PACKAGE_STRING "libConfuse 2.5"
| #define PACKAGE_BUGREPORT "confuse-devel@nongnu.org"
| #define PACKAGE "confuse"
| #define VERSION "2.5"
| #define YYTEXT_POINTER 1
| #define STDC_HEADERS 1
| #define HAVE_SYS_TYPES_H 1
| #define HAVE_SYS_STAT_H 1
| #define HAVE_STDLIB_H 1
| #define HAVE_STRING_H 1
| #define HAVE_MEMORY_H 1
| #define HAVE_STRINGS_H 1
| #define HAVE_INTTYPES_H 1
| #define HAVE_STDINT_H 1
| #define HAVE_UNISTD_H 1
| #define HAVE_DLFCN_H 1
| #ifdef __cplusplus
| extern "C" void exit (int) throw ();
| #endif
| #define HAVE_ICONV 1
| /* end confdefs.h.  */
| #include <libintl.h>
| extern int _nl_msg_cat_cntr;
| extern
| #ifdef __cplusplus
| "C"
| #endif
| const char *_nl_expand_alias ();
| int
| main ()
| {
| bindtextdomain ("", "");
| return (int) gettext ("") + _nl_msg_cat_cntr + *_nl_expand_alias (0)
|   ;
|   return 0;
| }
configure:20952: result: no
configure:20981: checking whether to use NLS
configure:20983: result: no
configure:21070: checking for check - version >= 0.8.2
configure:21157: gcc -o conftest -g -O2    conftest.c -lcheck  >&5
conftest.c:31:10: fatal error: 'check.h' file not found
#include <check.h>
         ^
1 error generated.
configure:21160: $? = 1
configure: program exited with status 1
configure: failed program was:
| /* confdefs.h.  */
| 
| #define PACKAGE_NAME "libConfuse"
| #define PACKAGE_TARNAME "confuse"
| #define PACKAGE_VERSION "2.5"
| #define PACKAGE_STRING "libConfuse 2.5"
| #define PACKAGE_BUGREPORT "confuse-devel@nongnu.org"
| #define PACKAGE "confuse"
| #define VERSION "2.5"
| #define YYTEXT_POINTER 1
| #define STDC_HEADERS 1
| #define HAVE_SYS_TYPES_H 1
| #define HAVE_SYS_STAT_H 1
| #define HAVE_STDLIB_H 1
| #define HAVE_STRING_H 1
| #define HAVE_MEMORY_H 1
| #define HAVE_STRINGS_H 1
| #define HAVE_INTTYPES_H 1
| #define HAVE_STDINT_H 1
| #define HAVE_UNISTD_H 1
| #define HAVE_DLFCN_H 1
| #ifdef __cplusplus
| extern "C" void exit (int) throw ();
| #endif
| #define HAVE_ICONV 1
| /* end confdefs.h.  */
| 
| #include <stdio.h>
| #include <stdlib.h>
| 
| #include <check.h>
| 
| int main ()
| {
|   int major, minor, micro;
|   char *tmp_version;
| 
|   system ("touch conf.check-test");
| 
|   /* HP/UX 9 (%@#!) writes to sscanf strings */
|   tmp_version = strdup("0.8.2");
|   if (sscanf(tmp_version, "%d.%d.%d", &major, &minor, &micro) != 3) {
|      printf("%s, bad version string\n", "0.8.2");
|      return 1;
|    }
| 
|   if ((CHECK_MAJOR_VERSION != check_major_version) ||
|       (CHECK_MINOR_VERSION != check_minor_version) ||
|       (CHECK_MICRO_VERSION != check_micro_version))
|     {
|       printf("\n*** The check header file (version %d.%d.%d) does not match\n",
| 	     CHECK_MAJOR_VERSION, CHECK_MINOR_VERSION, CHECK_MICRO_VERSION);
|       printf("*** the check library (version %d.%d.%d).\n",
| 	     check_major_version, check_minor_version, check_micro_version);
|       return 1;
|     }
| 
|   if ((check_major_version > major) ||
|       ((check_major_version == major) && (check_minor_version > minor)) ||
|       ((check_major_version == major) && (check_minor_version == minor) && (check_micro_version >= micro)))
|     {
|       return 0;
|     }
|   else
|     {
|       printf("\n*** An old version of check (%d.%d.%d) was found.\n",
|              check_major_version, check_minor_version, check_micro_version);
|       printf("*** You need a version of check being at least %d.%d.%d.\n", major, minor, micro);
|       printf("***\n");
|       printf("*** If you have already installed a sufficiently new version, this error\n");
|       printf("*** probably means that the wrong copy of the check library and header\n");
|       printf("*** file is being found. Rerun configure with the --with-check=PATH option\n");
|       printf("*** to specify the prefix where the correct version was installed.\n");
|     }
| 
|   return 1;
| }
| 
configure:21188: result: no
configure:21217: gcc -o conftest -g -O2    conftest.c -lcheck  >&5
conftest.c:31:10: fatal error: 'check.h' file not found
#include <check.h>
         ^
1 error generated.
configure:21223: $? = 1
configure: failed program was:
| /* confdefs.h.  */
| 
| #define PACKAGE_NAME "libConfuse"
| #define PACKAGE_TARNAME "confuse"
| #define PACKAGE_VERSION "2.5"
| #define PACKAGE_STRING "libConfuse 2.5"
| #define PACKAGE_BUGREPORT "confuse-devel@nongnu.org"
| #define PACKAGE "confuse"
| #define VERSION "2.5"
| #define YYTEXT_POINTER 1
| #define STDC_HEADERS 1
| #define HAVE_SYS_TYPES_H 1
| #define HAVE_SYS_STAT_H 1
| #define HAVE_STDLIB_H 1
| #define HAVE_STRING_H 1
| #define HAVE_MEMORY_H 1
| #define HAVE_STRINGS_H 1
| #define HAVE_INTTYPES_H 1
| #define HAVE_STDINT_H 1
| #define HAVE_UNISTD_H 1
| #define HAVE_DLFCN_H 1
| #ifdef __cplusplus
| extern "C" void exit (int) throw ();
| #endif
| #define HAVE_ICONV 1
| /* end confdefs.h.  */
| 
| #include <stdio.h>
| #include <stdlib.h>
| 
| #include <check.h>
| 
| int
| main ()
| {
| 
|   ;
|   return 0;
| }
configure:21264: WARNING: Check not found, tests will not be built
configure:21277: checking for ANSI C header files
configure:21433: result: yes
configure:21450: checking for stdlib.h
configure:21455: result: yes
configure:21450: checking for string.h
configure:21455: result: yes
configure:21450: checking for unistd.h
configure:21455: result: yes
configure:21597: checking for an ANSI C-conforming const
configure:21664: gcc -c -g -O2  conftest.c >&5
configure:21670: $? = 0
configure:21674: test -z 
			 || test ! -s conftest.err
configure:21677: $? = 0
configure:21680: test -s conftest.o
configure:21683: $? = 0
configure:21694: result: yes
configure:21714: checking for strcasecmp
configure:21771: gcc -o conftest -g -O2   conftest.c  >&5
conftest.c:55:6: warning: incompatible redeclaration of library function 'strcasecmp' [-Wincompatible-library-redeclaration]
char strcasecmp ();
     ^
conftest.c:55:6: note: 'strcasecmp' is a builtin with type 'int (const char *, const char *)'
1 warning generated.
configure:21777: $? = 0
configure:21781: test -z 
			 || test ! -s conftest.err
configure:21784: $? = 0
configure:21787: test -s conftest
configure:21790: $? = 0
configure:21802: result: yes
configure:21714: checking for strdup
configure:21771: gcc -o conftest -g -O2   conftest.c  >&5
conftest.c:56:6: warning: incompatible redeclaration of library function 'strdup' [-Wincompatible-library-redeclaration]
char strdup ();
     ^
conftest.c:56:6: note: 'strdup' is a builtin with type 'char *(const char *)'
1 warning generated.
configure:21777: $? = 0
configure:21781: test -z 
			 || test ! -s conftest.err
configure:21784: $? = 0
configure:21787: test -s conftest
configure:21790: $? = 0
configure:21802: result: yes
configure:21714: checking for strndup
configure:21771: gcc -o conftest -g -O2   conftest.c  >&5
conftest.c:57:6: warning: incompatible redeclaration of library function 'strndup' [-Wincompatible-library-redeclaration]
char strndup ();
     ^
conftest.c:57:6: note: 'strndup' is a builtin with type 'char *(const char *, unsigned long)'
1 warning generated.
configure:21777: $? = 0
configure:21781: test -z 
			 || test ! -s conftest.err
configure:21784: $? = 0
configure:21787: test -s conftest
configure:21790: $? = 0
configure:21802: result: yes
configure:21824: checking for pkg-config
configure:21851: result: no
configure:21886: creating confuse-config.in
configure:22200: creating ./config.status

## ---------------------- ##
## Running config.status. ##
## ---------------------- ##

This file was extended by libConfuse config.status 2.5, which was
generated by GNU Autoconf 2.59.  Invocation command line was

  CONFIG_FILES    = 
  CONFIG_HEADERS  = 
  CONFIG_LINKS    = 
  CONFIG_COMMANDS = 
  $ ./config.status 

on Mavericks-MacBook-Pro.local

config.status:757: creating Makefile
config.status:757: creating doc/Doxyfile
config.status:757: creating src/Makefile
config.status:757: creating examples/Makefile
config.status:757: creating libconfuse.pc
config.status:757: creating po/Makefile.in
config.status:757: creating m4/Makefile
config.status:757: creating tests/Makefile
config.status:757: creating doc/Makefile
config.status:757: creating libconfuse.spec
config.status:757: creating confuse-config
config.status:861: creating config.h
config.status:1167: executing depfiles commands
config.status:1167: executing default-1 commands

## ---------------- ##
## Cache variables. ##
## ---------------- ##

ac_cv_build=i686-apple-darwin14.3.0
ac_cv_build_alias=i686-apple-darwin14.3.0
ac_cv_c_compiler_gnu=yes
ac_cv_c_const=yes
ac_cv_cxx_compiler_gnu=yes
ac_cv_env_CC_set=
ac_cv_env_CC_value=
ac_cv_env_CFLAGS_set=
ac_cv_env_CFLAGS_value=
ac_cv_env_CPPFLAGS_set=
ac_cv_env_CPPFLAGS_value=
ac_cv_env_CPP_set=
ac_cv_env_CPP_value=
ac_cv_env_CXXCPP_set=
ac_cv_env_CXXCPP_value=
ac_cv_env_CXXFLAGS_set=
ac_cv_env_CXXFLAGS_value=
ac_cv_env_CXX_set=
ac_cv_env_CXX_value=
ac_cv_env_F77_set=
ac_cv_env_F77_value=
ac_cv_env_FFLAGS_set=
ac_cv_env_FFLAGS_value=
ac_cv_env_LDFLAGS_set=
ac_cv_env_LDFLAGS_value=
ac_cv_env_build_alias_set=
ac_cv_env_build_alias_value=
ac_cv_env_host_alias_set=
ac_cv_env_host_alias_value=
ac_cv_env_target_alias_set=
ac_cv_env_target_alias_value=
ac_cv_exeext=
ac_cv_f77_compiler_gnu=no
ac_cv_func_strcasecmp=yes
ac_cv_func_strdup=yes
ac_cv_func_strndup=yes
ac_cv_header_dlfcn_h=yes
ac_cv_header_inttypes_h=yes
ac_cv_header_memory_h=yes
ac_cv_header_stdc=yes
ac_cv_header_stdint_h=yes
ac_cv_header_stdlib_h=yes
ac_cv_header_string_h=yes
ac_cv_header_strings_h=yes
ac_cv_header_sys_stat_h=yes
ac_cv_header_sys_types_h=yes
ac_cv_header_unistd_h=yes
ac_cv_host=i686-apple-darwin14.3.0
ac_cv_host_alias=i686-apple-darwin14.3.0
ac_cv_lib_fl_yywrap=no
ac_cv_lib_l_yywrap=yes
ac_cv_objext=o
ac_cv_path_GMSGFMT=:
ac_cv_path_MSGFMT=:
ac_cv_path_MSGMERGE=:
ac_cv_path_XGETTEXT=:
ac_cv_path_install='/usr/bin/install -c'
ac_cv_prog_AWK=awk
ac_cv_prog_CPP='gcc -E'
ac_cv_prog_CXXCPP='g++ -E'
ac_cv_prog_LEX=flex
ac_cv_prog_PKGCONFIG=no
ac_cv_prog_ac_ct_AR=ar
ac_cv_prog_ac_ct_CC=gcc
ac_cv_prog_ac_ct_CXX=g++
ac_cv_prog_ac_ct_RANLIB=ranlib
ac_cv_prog_ac_ct_STRIP=strip
ac_cv_prog_cc_g=yes
ac_cv_prog_cc_stdc=
ac_cv_prog_cxx_g=yes
ac_cv_prog_egrep='grep -E'
ac_cv_prog_f77_g=no
ac_cv_prog_lex_root=lex.yy
ac_cv_prog_lex_yytext_pointer=yes
ac_cv_prog_make_make_set=yes
acl_cv_hardcode_direct=no
acl_cv_hardcode_libdir_flag_spec=
acl_cv_hardcode_libdir_separator=
acl_cv_hardcode_minus_L=no
acl_cv_libext=a
acl_cv_path_LD=/Applications/Xcode.app/Contents/Developer/Toolchains/XcodeDefault.xctoolchain/usr/bin/ld
acl_cv_prog_gnu_ld=no
acl_cv_rpath=done
acl_cv_shlibext=dylib
acl_cv_wl=-Wl,
am_cv_CC_dependencies_compiler_type=gcc3
am_cv_CXX_dependencies_compiler_type=gcc3
am_cv_func_iconv=yes
am_cv_lib_iconv=yes
gt_cv_func_gnugettext1_libc=no
gt_cv_func_gnugettext1_libintl=no
lt_cv_deplibs_check_method=pass_all
lt_cv_file_magic_cmd='$MAGIC_CMD'
lt_cv_file_magic_test_file=
lt_cv_ld_reload_flag=-r
lt_cv_objdir=.libs
lt_cv_path_LD=/Applications/Xcode.app/Contents/Developer/Toolchains/XcodeDefault.xctoolchain/usr/bin/ld
lt_cv_path_LDCXX=/Applications/Xcode.app/Contents/Developer/Toolchains/XcodeDefault.xctoolchain/usr/bin/ld
lt_cv_path_NM=/usr/bin/nm
lt_cv_path_SED=/usr/bin/sed
lt_cv_prog_compiler_c_o=yes
lt_cv_prog_compiler_c_o_CXX=yes
lt_cv_prog_compiler_rtti_exceptions=yes
lt_cv_prog_gnu_ld=no
lt_cv_prog_gnu_ldcxx=no
lt_cv_sys_global_symbol_pipe='sed -n -e '\''s/^.*[ 	]\([BCDEGRST][BCDEGRST]*\)[ 	][ 	]*\(_\)\([_A-Za-z][_A-Za-z0-9]*\)$/\1 \2\3 \3/p'\'''
lt_cv_sys_global_symbol_to_c_name_address='sed -n -e '\''s/^: \([^ ]*\) $/  {\"\1\", (lt_ptr) 0},/p'\'' -e '\''s/^[BCDEGRST] \([^ ]*\) \([^ ]*\)$/  {"\2", (lt_ptr) \&\2},/p'\'''
lt_cv_sys_global_symbol_to_cdecl='sed -n -e '\''s/^. .* \(.*\)$/extern int \1;/p'\'''
lt_cv_sys_max_cmd_len=65536
lt_lt_cv_prog_compiler_c_o='"yes"'
lt_lt_cv_prog_compiler_c_o_CXX='"yes"'
lt_lt_cv_sys_global_symbol_pipe='"sed -n -e '\''s/^.*[ 	]\\([BCDEGRST][BCDEGRST]*\\)[ 	][ 	]*\\(_\\)\\([_A-Za-z][_A-Za-z0-9]*\\)\$/\\1 \\2\\3 \\3/p'\''"'
lt_lt_cv_sys_global_symbol_to_c_name_address='"sed -n -e '\''s/^: \\([^ ]*\\) \$/  {\\\"\\1\\\", (lt_ptr) 0},/p'\'' -e '\''s/^[BCDEGRST] \\([^ ]*\\) \\([^ ]*\\)\$/  {\"\\2\", (lt_ptr) \\&\\2},/p'\''"'
lt_lt_cv_sys_global_symbol_to_cdecl='"sed -n -e '\''s/^. .* \\(.*\\)\$/extern int \\1;/p'\''"'

## ----------------- ##
## Output variables. ##
## ----------------- ##

ACLOCAL='${SHELL} /Users/Maverick/Documents/confuse-2.5/support/missing --run aclocal-1.8'
AMDEPBACKSLASH='\'
AMDEP_FALSE='#'
AMDEP_TRUE=''
AMTAR='${SHELL} /Users/Maverick/Documents/confuse-2.5/support/missing --run tar'
AR='ar'
AUTOCONF='${SHELL} /Users/Maverick/Documents/confuse-2.5/support/missing --run autoconf'
AUTOHEADER='${SHELL} /Users/Maverick/Documents/confuse-2.5/support/missing --run autoheader'
AUTOMAKE='${SHELL} /Users/Maverick/Documents/confuse-2.5/support/missing --run automake-1.8'
AWK='awk'
CC='gcc'
CCDEPMODE='depmode=gcc3'
CFLAGS='-g -O2'
CHECK_CFLAGS=''
CHECK_LIBS=''
CONFUSE_CONFIG='confuse-config'
CONFUSE_VERSION='2.5'
CPP='gcc -E'
CPPFLAGS=''
CXX='g++'
CXXCPP='g++ -E'
CXXDEPMODE='depmode=gcc3'
CXXFLAGS='-g -O2'
CYGPATH_W='echo'
DEFS='-DHAVE_CONFIG_H'
DEPDIR='.deps'
ECHO='/bin/echo'
ECHO_C='ECHO_N=''
ECHO_T=''
EGREP='grep -E'
EXEEXT=''
F77=''
FFLAGS=''
GMSGFMT=':'
HAVE_PKGCONFIG_FALSE=''
HAVE_PKGCONFIG_TRUE='#'
INSTALL_DATA='${INSTALL} -m 644'
INSTALL_PROGRAM='${INSTALL}'
INSTALL_SCRIPT='${INSTALL}'
INSTALL_STRIP_PROGRAM='${SHELL} $(install_sh) -c -s'
INTLLIBS=''
LDFLAGS=''
LEX='flex'
LEXLIB='-ll'
LEX_OUTPUT_ROOT='lex.yy'
LIBICONV='-liconv'
LIBINTL=''
LIBOBJS=''
LIBS=''
LIBTOOL='$(SHELL) $(top_builddir)/libtool'
LN_S='ln -s'
LTLIBICONV='-liconv'
LTLIBINTL=''
LTLIBOBJS=''
MAKEINFO='${SHELL} /Users/Maverick/Documents/confuse-2.5/support/missing --run makeinfo'
MKINSTALLDIRS='$(top_builddir)/support/mkinstalldirs'
MSGFMT=':'
MSGMERGE=':'
OBJEXT='o'
PACKAGE='confuse'
PACKAGE_BUGREPORT='confuse-devel@nongnu.org'
PACKAGE_NAME='libConfuse'
PACKAGE_STRING='libConfuse 2.5'
PACKAGE_TARNAME='confuse'
PACKAGE_VERSION='2.5'
PATH_SEPARATOR=':'
PKGCONFIG='no'
POSUB=''
RANLIB='ranlib'
SET_MAKE=''
SHELL='/bin/sh'
STRIP='strip'
USE_NLS='no'
VERSION='2.5'
XGETTEXT=':'
ac_ct_AR='ar'
ac_ct_CC='gcc'
ac_ct_CXX='g++'
ac_ct_F77=''
ac_ct_RANLIB='ranlib'
ac_ct_STRIP='strip'
am__fastdepCC_FALSE='#'
am__fastdepCC_TRUE=''
am__fastdepCXX_FALSE='#'
am__fastdepCXX_TRUE=''
am__include='include'
am__leading_dot='.'
am__quote=''
bindir='${exec_prefix}/bin'
build='i686-apple-darwin14.3.0'
build_alias=''
build_cpu='i686'
build_os='darwin14.3.0'
build_vendor='apple'
check_confuse=''
confuse_cflags=''
confuse_cppflags='-I${prefix}/include'
confuse_libs='-lconfuse '
datadir='${prefix}/share'
exec_prefix='${prefix}'
host='i686-apple-darwin14.3.0'
host_alias=''
host_cpu='i686'
host_os='darwin14.3.0'
host_vendor='apple'
includedir='${prefix}/include'
infodir='${prefix}/info'
install_sh='/Users/Maverick/Documents/confuse-2.5/support/install-sh'
libdir='${exec_prefix}/lib'
libexecdir='${exec_prefix}/libexec'
localstatedir='${prefix}/var'
mandir='${prefix}/man'
mkdir_p='$(mkinstalldirs)'
oldincludedir='/usr/include'
prefix='/usr/local'
program_transform_name='s,x,x,'
sbindir='${exec_prefix}/sbin'
sharedstatedir='${prefix}/com'
sysconfdir='${prefix}/etc'
target=''
target_alias=''

## ----------- ##
## confdefs.h. ##
## ----------- ##

#define HAVE_DLFCN_H 1
#define HAVE_ICONV 1
#define HAVE_INTTYPES_H 1
#define HAVE_MEMORY_H 1
#define HAVE_STDINT_H 1
#define HAVE_STDLIB_H 1
#define HAVE_STDLIB_H 1
#define HAVE_STRCASECMP 1
#define HAVE_STRDUP 1
#define HAVE_STRINGS_H 1
#define HAVE_STRING_H 1
#define HAVE_STRING_H 1
#define HAVE_STRNDUP 1
#define HAVE_SYS_STAT_H 1
#define HAVE_SYS_TYPES_H 1
#define HAVE_UNISTD_H 1
#define HAVE_UNISTD_H 1
#define PACKAGE "confuse"
#define PACKAGE_BUGREPORT "confuse-devel@nongnu.org"
#define PACKAGE_NAME "libConfuse"
#define PACKAGE_STRING "libConfuse 2.5"
#define PACKAGE_TARNAME "confuse"
#define PACKAGE_VERSION "2.5"
#define STDC_HEADERS 1
#define STDC_HEADERS 1
#define VERSION "2.5"
#define YYTEXT_POINTER 1
#endif
#ifdef __cplusplus
extern "C" void exit (int) throw ();

configure: exit 0
